{"/home/mishel/Desktop/Laboratoria/LIM011-fe-md-links/index.js": {"path":"/home/mishel/Desktop/Laboratoria/LIM011-fe-md-links/index.js","statementMap":{"0":{"start":{"line":1,"column":15},"end":{"line":1,"column":32}},"1":{"start":{"line":2,"column":11},"end":{"line":2,"column":24}},"2":{"start":{"line":3,"column":13},"end":{"line":3,"column":28}},"3":{"start":{"line":4,"column":14},"end":{"line":4,"column":35}},"4":{"start":{"line":6,"column":14},"end":{"line":6,"column":16}},"5":{"start":{"line":8,"column":14},"end":{"line":13,"column":1}},"6":{"start":{"line":9,"column":17},"end":{"line":9,"column":19}},"7":{"start":{"line":10,"column":2},"end":{"line":11,"column":38}},"8":{"start":{"line":10,"column":30},"end":{"line":10,"column":47}},"9":{"start":{"line":11,"column":7},"end":{"line":11,"column":38}},"10":{"start":{"line":12,"column":2},"end":{"line":12,"column":18}},"11":{"start":{"line":15,"column":18},"end":{"line":26,"column":1}},"12":{"start":{"line":16,"column":16},"end":{"line":23,"column":3}},"13":{"start":{"line":17,"column":4},"end":{"line":20,"column":5}},"14":{"start":{"line":18,"column":6},"end":{"line":18,"column":71}},"15":{"start":{"line":18,"column":40},"end":{"line":18,"column":71}},"16":{"start":{"line":19,"column":6},"end":{"line":19,"column":19}},"17":{"start":{"line":21,"column":4},"end":{"line":21,"column":81}},"18":{"start":{"line":21,"column":49},"end":{"line":21,"column":79}},"19":{"start":{"line":22,"column":4},"end":{"line":22,"column":17}},"20":{"start":{"line":24,"column":2},"end":{"line":24,"column":22}},"21":{"start":{"line":25,"column":2},"end":{"line":25,"column":15}},"22":{"start":{"line":28,"column":22},"end":{"line":36,"column":1}},"23":{"start":{"line":29,"column":16},"end":{"line":29,"column":18}},"24":{"start":{"line":30,"column":19},"end":{"line":30,"column":40}},"25":{"start":{"line":31,"column":2},"end":{"line":34,"column":5}},"26":{"start":{"line":32,"column":4},"end":{"line":32,"column":83}},"27":{"start":{"line":32,"column":43},"end":{"line":32,"column":82}},"28":{"start":{"line":33,"column":4},"end":{"line":33,"column":57}},"29":{"start":{"line":35,"column":2},"end":{"line":35,"column":15}},"30":{"start":{"line":40,"column":16},"end":{"line":57,"column":1}},"31":{"start":{"line":41,"column":18},"end":{"line":55,"column":4}},"32":{"start":{"line":42,"column":25},"end":{"line":42,"column":27}},"33":{"start":{"line":43,"column":4},"end":{"line":52,"column":7}},"34":{"start":{"line":44,"column":6},"end":{"line":51,"column":12}},"35":{"start":{"line":47,"column":10},"end":{"line":48,"column":36}},"36":{"start":{"line":47,"column":22},"end":{"line":47,"column":41}},"37":{"start":{"line":48,"column":15},"end":{"line":48,"column":36}},"38":{"start":{"line":49,"column":22},"end":{"line":49,"column":75}},"39":{"start":{"line":50,"column":10},"end":{"line":50,"column":21}},"40":{"start":{"line":53,"column":4},"end":{"line":53,"column":39}},"41":{"start":{"line":54,"column":4},"end":{"line":54,"column":47}},"42":{"start":{"line":56,"column":2},"end":{"line":56,"column":17}},"43":{"start":{"line":59,"column":16},"end":{"line":81,"column":1}},"44":{"start":{"line":60,"column":13},"end":{"line":60,"column":15}},"45":{"start":{"line":60,"column":29},"end":{"line":60,"column":31}},"46":{"start":{"line":60,"column":44},"end":{"line":60,"column":46}},"47":{"start":{"line":61,"column":14},"end":{"line":61,"column":15}},"48":{"start":{"line":63,"column":21},"end":{"line":63,"column":23}},"49":{"start":{"line":64,"column":2},"end":{"line":68,"column":5}},"50":{"start":{"line":65,"column":4},"end":{"line":65,"column":78}},"51":{"start":{"line":66,"column":4},"end":{"line":66,"column":30}},"52":{"start":{"line":67,"column":4},"end":{"line":67,"column":42}},"53":{"start":{"line":67,"column":31},"end":{"line":67,"column":42}},"54":{"start":{"line":69,"column":2},"end":{"line":69,"column":41}},"55":{"start":{"line":69,"column":29},"end":{"line":69,"column":41}},"56":{"start":{"line":70,"column":2},"end":{"line":74,"column":3}},"57":{"start":{"line":71,"column":4},"end":{"line":71,"column":49}},"58":{"start":{"line":72,"column":4},"end":{"line":72,"column":59}},"59":{"start":{"line":73,"column":4},"end":{"line":73,"column":17}},"60":{"start":{"line":75,"column":2},"end":{"line":79,"column":3}},"61":{"start":{"line":76,"column":4},"end":{"line":76,"column":49}},"62":{"start":{"line":77,"column":4},"end":{"line":77,"column":78}},"63":{"start":{"line":78,"column":4},"end":{"line":78,"column":17}},"64":{"start":{"line":80,"column":2},"end":{"line":80,"column":14}},"65":{"start":{"line":83,"column":16},"end":{"line":90,"column":1}},"66":{"start":{"line":84,"column":18},"end":{"line":88,"column":4}},"67":{"start":{"line":85,"column":4},"end":{"line":85,"column":58}},"68":{"start":{"line":85,"column":34},"end":{"line":85,"column":58}},"69":{"start":{"line":86,"column":4},"end":{"line":86,"column":65}},"70":{"start":{"line":86,"column":35},"end":{"line":86,"column":65}},"71":{"start":{"line":87,"column":4},"end":{"line":87,"column":57}},"72":{"start":{"line":89,"column":2},"end":{"line":89,"column":17}},"73":{"start":{"line":93,"column":0},"end":{"line":100,"column":2}}},"fnMap":{"0":{"name":"(anonymous_0)","decl":{"start":{"line":8,"column":14},"end":{"line":8,"column":15}},"loc":{"start":{"line":8,"column":25},"end":{"line":13,"column":1}},"line":8},"1":{"name":"(anonymous_1)","decl":{"start":{"line":15,"column":18},"end":{"line":15,"column":19}},"loc":{"start":{"line":15,"column":29},"end":{"line":26,"column":1}},"line":15},"2":{"name":"(anonymous_2)","decl":{"start":{"line":16,"column":16},"end":{"line":16,"column":17}},"loc":{"start":{"line":16,"column":26},"end":{"line":23,"column":3}},"line":16},"3":{"name":"(anonymous_3)","decl":{"start":{"line":21,"column":42},"end":{"line":21,"column":43}},"loc":{"start":{"line":21,"column":49},"end":{"line":21,"column":79}},"line":21},"4":{"name":"(anonymous_4)","decl":{"start":{"line":28,"column":22},"end":{"line":28,"column":23}},"loc":{"start":{"line":28,"column":33},"end":{"line":36,"column":1}},"line":28},"5":{"name":"(anonymous_5)","decl":{"start":{"line":31,"column":27},"end":{"line":31,"column":28}},"loc":{"start":{"line":31,"column":38},"end":{"line":34,"column":3}},"line":31},"6":{"name":"(anonymous_6)","decl":{"start":{"line":32,"column":20},"end":{"line":32,"column":21}},"loc":{"start":{"line":32,"column":43},"end":{"line":32,"column":82}},"line":32},"7":{"name":"(anonymous_7)","decl":{"start":{"line":40,"column":16},"end":{"line":40,"column":17}},"loc":{"start":{"line":40,"column":27},"end":{"line":57,"column":1}},"line":40},"8":{"name":"(anonymous_8)","decl":{"start":{"line":41,"column":30},"end":{"line":41,"column":31}},"loc":{"start":{"line":41,"column":51},"end":{"line":55,"column":3}},"line":41},"9":{"name":"(anonymous_9)","decl":{"start":{"line":43,"column":33},"end":{"line":43,"column":34}},"loc":{"start":{"line":43,"column":46},"end":{"line":52,"column":5}},"line":43},"10":{"name":"(anonymous_10)","decl":{"start":{"line":45,"column":14},"end":{"line":45,"column":15}},"loc":{"start":{"line":45,"column":23},"end":{"line":51,"column":9}},"line":45},"11":{"name":"(anonymous_11)","decl":{"start":{"line":59,"column":16},"end":{"line":59,"column":17}},"loc":{"start":{"line":59,"column":33},"end":{"line":81,"column":1}},"line":59},"12":{"name":"(anonymous_12)","decl":{"start":{"line":64,"column":14},"end":{"line":64,"column":15}},"loc":{"start":{"line":64,"column":23},"end":{"line":68,"column":3}},"line":64},"13":{"name":"(anonymous_13)","decl":{"start":{"line":83,"column":16},"end":{"line":83,"column":17}},"loc":{"start":{"line":83,"column":35},"end":{"line":90,"column":1}},"line":83},"14":{"name":"(anonymous_14)","decl":{"start":{"line":84,"column":30},"end":{"line":84,"column":31}},"loc":{"start":{"line":84,"column":51},"end":{"line":88,"column":3}},"line":84}},"branchMap":{"0":{"loc":{"start":{"line":10,"column":2},"end":{"line":11,"column":38}},"type":"if","locations":[{"start":{"line":10,"column":2},"end":{"line":11,"column":38}},{"start":{"line":10,"column":2},"end":{"line":11,"column":38}}],"line":10},"1":{"loc":{"start":{"line":17,"column":4},"end":{"line":20,"column":5}},"type":"if","locations":[{"start":{"line":17,"column":4},"end":{"line":20,"column":5}},{"start":{"line":17,"column":4},"end":{"line":20,"column":5}}],"line":17},"2":{"loc":{"start":{"line":18,"column":6},"end":{"line":18,"column":71}},"type":"if","locations":[{"start":{"line":18,"column":6},"end":{"line":18,"column":71}},{"start":{"line":18,"column":6},"end":{"line":18,"column":71}}],"line":18},"3":{"loc":{"start":{"line":47,"column":10},"end":{"line":48,"column":36}},"type":"if","locations":[{"start":{"line":47,"column":10},"end":{"line":48,"column":36}},{"start":{"line":47,"column":10},"end":{"line":48,"column":36}}],"line":47},"4":{"loc":{"start":{"line":67,"column":4},"end":{"line":67,"column":42}},"type":"if","locations":[{"start":{"line":67,"column":4},"end":{"line":67,"column":42}},{"start":{"line":67,"column":4},"end":{"line":67,"column":42}}],"line":67},"5":{"loc":{"start":{"line":69,"column":2},"end":{"line":69,"column":41}},"type":"if","locations":[{"start":{"line":69,"column":2},"end":{"line":69,"column":41}},{"start":{"line":69,"column":2},"end":{"line":69,"column":41}}],"line":69},"6":{"loc":{"start":{"line":70,"column":2},"end":{"line":74,"column":3}},"type":"if","locations":[{"start":{"line":70,"column":2},"end":{"line":74,"column":3}},{"start":{"line":70,"column":2},"end":{"line":74,"column":3}}],"line":70},"7":{"loc":{"start":{"line":75,"column":2},"end":{"line":79,"column":3}},"type":"if","locations":[{"start":{"line":75,"column":2},"end":{"line":79,"column":3}},{"start":{"line":75,"column":2},"end":{"line":79,"column":3}}],"line":75},"8":{"loc":{"start":{"line":85,"column":4},"end":{"line":85,"column":58}},"type":"if","locations":[{"start":{"line":85,"column":4},"end":{"line":85,"column":58}},{"start":{"line":85,"column":4},"end":{"line":85,"column":58}}],"line":85},"9":{"loc":{"start":{"line":86,"column":4},"end":{"line":86,"column":65}},"type":"if","locations":[{"start":{"line":86,"column":4},"end":{"line":86,"column":65}},{"start":{"line":86,"column":4},"end":{"line":86,"column":65}}],"line":86}},"s":{"0":1,"1":1,"2":1,"3":1,"4":1,"5":1,"6":8,"7":8,"8":1,"9":7,"10":8,"11":1,"12":6,"13":47,"14":31,"15":6,"16":31,"17":16,"18":41,"19":16,"20":6,"21":6,"22":1,"23":5,"24":5,"25":5,"26":20,"27":20,"28":20,"29":5,"30":1,"31":3,"32":3,"33":3,"34":13,"35":13,"36":13,"37":0,"38":13,"39":13,"40":3,"41":3,"42":3,"43":1,"44":3,"45":3,"46":3,"47":3,"48":3,"49":3,"50":3,"51":3,"52":3,"53":0,"54":3,"55":1,"56":3,"57":1,"58":1,"59":1,"60":3,"61":1,"62":1,"63":1,"64":3,"65":1,"66":2,"67":2,"68":1,"69":2,"70":1,"71":2,"72":2,"73":1},"f":{"0":8,"1":6,"2":47,"3":41,"4":5,"5":20,"6":20,"7":3,"8":3,"9":13,"10":13,"11":3,"12":3,"13":2,"14":2},"b":{"0":[1,7],"1":[31,16],"2":[6,25],"3":[13,0],"4":[0,3],"5":[1,2],"6":[1,2],"7":[1,2],"8":[1,1],"9":[1,1]},"_coverageSchema":"43e27e138ebf9cfc5966b082cf9a028302ed4184","hash":"891a072b143b870ce2fa2ba5b790e01b1b220bb1"}
}
