{"/home/mishel/Desktop/Laboratoria/LIM011-fe-md-links/index.js": {"path":"/home/mishel/Desktop/Laboratoria/LIM011-fe-md-links/index.js","statementMap":{"0":{"start":{"line":1,"column":15},"end":{"line":1,"column":32}},"1":{"start":{"line":2,"column":11},"end":{"line":2,"column":24}},"2":{"start":{"line":3,"column":13},"end":{"line":3,"column":28}},"3":{"start":{"line":4,"column":14},"end":{"line":4,"column":35}},"4":{"start":{"line":5,"column":14},"end":{"line":5,"column":34}},"5":{"start":{"line":7,"column":14},"end":{"line":12,"column":1}},"6":{"start":{"line":8,"column":17},"end":{"line":8,"column":19}},"7":{"start":{"line":9,"column":2},"end":{"line":10,"column":38}},"8":{"start":{"line":9,"column":30},"end":{"line":9,"column":47}},"9":{"start":{"line":10,"column":7},"end":{"line":10,"column":38}},"10":{"start":{"line":11,"column":2},"end":{"line":11,"column":18}},"11":{"start":{"line":14,"column":18},"end":{"line":26,"column":1}},"12":{"start":{"line":15,"column":16},"end":{"line":15,"column":18}},"13":{"start":{"line":16,"column":16},"end":{"line":23,"column":3}},"14":{"start":{"line":17,"column":4},"end":{"line":20,"column":5}},"15":{"start":{"line":18,"column":6},"end":{"line":18,"column":71}},"16":{"start":{"line":18,"column":40},"end":{"line":18,"column":71}},"17":{"start":{"line":19,"column":6},"end":{"line":19,"column":19}},"18":{"start":{"line":21,"column":4},"end":{"line":21,"column":81}},"19":{"start":{"line":21,"column":49},"end":{"line":21,"column":79}},"20":{"start":{"line":22,"column":4},"end":{"line":22,"column":17}},"21":{"start":{"line":24,"column":2},"end":{"line":24,"column":22}},"22":{"start":{"line":25,"column":2},"end":{"line":25,"column":15}},"23":{"start":{"line":28,"column":22},"end":{"line":36,"column":1}},"24":{"start":{"line":29,"column":16},"end":{"line":29,"column":18}},"25":{"start":{"line":30,"column":19},"end":{"line":30,"column":40}},"26":{"start":{"line":31,"column":2},"end":{"line":34,"column":5}},"27":{"start":{"line":32,"column":4},"end":{"line":32,"column":83}},"28":{"start":{"line":32,"column":43},"end":{"line":32,"column":82}},"29":{"start":{"line":33,"column":4},"end":{"line":33,"column":57}},"30":{"start":{"line":35,"column":2},"end":{"line":35,"column":15}},"31":{"start":{"line":38,"column":16},"end":{"line":64,"column":1}},"32":{"start":{"line":39,"column":18},"end":{"line":62,"column":4}},"33":{"start":{"line":40,"column":25},"end":{"line":40,"column":27}},"34":{"start":{"line":41,"column":23},"end":{"line":41,"column":25}},"35":{"start":{"line":42,"column":4},"end":{"line":59,"column":7}},"36":{"start":{"line":44,"column":6},"end":{"line":53,"column":7}},"37":{"start":{"line":45,"column":8},"end":{"line":52,"column":14}},"38":{"start":{"line":48,"column":12},"end":{"line":49,"column":38}},"39":{"start":{"line":48,"column":24},"end":{"line":48,"column":43}},"40":{"start":{"line":49,"column":17},"end":{"line":49,"column":38}},"41":{"start":{"line":50,"column":24},"end":{"line":50,"column":77}},"42":{"start":{"line":51,"column":12},"end":{"line":51,"column":23}},"43":{"start":{"line":55,"column":6},"end":{"line":58,"column":7}},"44":{"start":{"line":56,"column":20},"end":{"line":56,"column":67}},"45":{"start":{"line":57,"column":8},"end":{"line":57,"column":31}},"46":{"start":{"line":60,"column":4},"end":{"line":60,"column":79}},"47":{"start":{"line":60,"column":50},"end":{"line":60,"column":75}},"48":{"start":{"line":61,"column":4},"end":{"line":61,"column":47}},"49":{"start":{"line":63,"column":2},"end":{"line":63,"column":17}},"50":{"start":{"line":66,"column":16},"end":{"line":88,"column":1}},"51":{"start":{"line":67,"column":13},"end":{"line":67,"column":15}},"52":{"start":{"line":67,"column":29},"end":{"line":67,"column":31}},"53":{"start":{"line":67,"column":44},"end":{"line":67,"column":46}},"54":{"start":{"line":68,"column":14},"end":{"line":68,"column":15}},"55":{"start":{"line":70,"column":21},"end":{"line":70,"column":23}},"56":{"start":{"line":71,"column":2},"end":{"line":75,"column":5}},"57":{"start":{"line":72,"column":4},"end":{"line":72,"column":78}},"58":{"start":{"line":73,"column":4},"end":{"line":73,"column":30}},"59":{"start":{"line":74,"column":4},"end":{"line":74,"column":42}},"60":{"start":{"line":74,"column":31},"end":{"line":74,"column":42}},"61":{"start":{"line":76,"column":2},"end":{"line":76,"column":41}},"62":{"start":{"line":76,"column":29},"end":{"line":76,"column":41}},"63":{"start":{"line":77,"column":2},"end":{"line":81,"column":3}},"64":{"start":{"line":78,"column":4},"end":{"line":78,"column":49}},"65":{"start":{"line":79,"column":4},"end":{"line":79,"column":59}},"66":{"start":{"line":80,"column":4},"end":{"line":80,"column":17}},"67":{"start":{"line":82,"column":2},"end":{"line":86,"column":3}},"68":{"start":{"line":83,"column":4},"end":{"line":83,"column":49}},"69":{"start":{"line":84,"column":4},"end":{"line":84,"column":78}},"70":{"start":{"line":85,"column":4},"end":{"line":85,"column":17}},"71":{"start":{"line":87,"column":2},"end":{"line":87,"column":14}},"72":{"start":{"line":90,"column":16},"end":{"line":97,"column":1}},"73":{"start":{"line":91,"column":18},"end":{"line":95,"column":4}},"74":{"start":{"line":92,"column":4},"end":{"line":92,"column":58}},"75":{"start":{"line":92,"column":34},"end":{"line":92,"column":58}},"76":{"start":{"line":93,"column":4},"end":{"line":93,"column":65}},"77":{"start":{"line":93,"column":35},"end":{"line":93,"column":65}},"78":{"start":{"line":94,"column":4},"end":{"line":94,"column":57}},"79":{"start":{"line":96,"column":2},"end":{"line":96,"column":17}},"80":{"start":{"line":100,"column":0},"end":{"line":107,"column":2}}},"fnMap":{"0":{"name":"(anonymous_0)","decl":{"start":{"line":7,"column":14},"end":{"line":7,"column":15}},"loc":{"start":{"line":7,"column":25},"end":{"line":12,"column":1}},"line":7},"1":{"name":"(anonymous_1)","decl":{"start":{"line":14,"column":18},"end":{"line":14,"column":19}},"loc":{"start":{"line":14,"column":29},"end":{"line":26,"column":1}},"line":14},"2":{"name":"(anonymous_2)","decl":{"start":{"line":16,"column":16},"end":{"line":16,"column":17}},"loc":{"start":{"line":16,"column":26},"end":{"line":23,"column":3}},"line":16},"3":{"name":"(anonymous_3)","decl":{"start":{"line":21,"column":42},"end":{"line":21,"column":43}},"loc":{"start":{"line":21,"column":49},"end":{"line":21,"column":79}},"line":21},"4":{"name":"(anonymous_4)","decl":{"start":{"line":28,"column":22},"end":{"line":28,"column":23}},"loc":{"start":{"line":28,"column":33},"end":{"line":36,"column":1}},"line":28},"5":{"name":"(anonymous_5)","decl":{"start":{"line":31,"column":27},"end":{"line":31,"column":28}},"loc":{"start":{"line":31,"column":38},"end":{"line":34,"column":3}},"line":31},"6":{"name":"(anonymous_6)","decl":{"start":{"line":32,"column":20},"end":{"line":32,"column":21}},"loc":{"start":{"line":32,"column":43},"end":{"line":32,"column":82}},"line":32},"7":{"name":"(anonymous_7)","decl":{"start":{"line":38,"column":16},"end":{"line":38,"column":17}},"loc":{"start":{"line":38,"column":27},"end":{"line":64,"column":1}},"line":38},"8":{"name":"(anonymous_8)","decl":{"start":{"line":39,"column":30},"end":{"line":39,"column":31}},"loc":{"start":{"line":39,"column":51},"end":{"line":62,"column":3}},"line":39},"9":{"name":"(anonymous_9)","decl":{"start":{"line":42,"column":33},"end":{"line":42,"column":34}},"loc":{"start":{"line":42,"column":46},"end":{"line":59,"column":5}},"line":42},"10":{"name":"(anonymous_10)","decl":{"start":{"line":46,"column":16},"end":{"line":46,"column":17}},"loc":{"start":{"line":46,"column":25},"end":{"line":52,"column":11}},"line":46},"11":{"name":"(anonymous_11)","decl":{"start":{"line":60,"column":41},"end":{"line":60,"column":42}},"loc":{"start":{"line":60,"column":50},"end":{"line":60,"column":75}},"line":60},"12":{"name":"(anonymous_12)","decl":{"start":{"line":66,"column":16},"end":{"line":66,"column":17}},"loc":{"start":{"line":66,"column":33},"end":{"line":88,"column":1}},"line":66},"13":{"name":"(anonymous_13)","decl":{"start":{"line":71,"column":14},"end":{"line":71,"column":15}},"loc":{"start":{"line":71,"column":23},"end":{"line":75,"column":3}},"line":71},"14":{"name":"(anonymous_14)","decl":{"start":{"line":90,"column":16},"end":{"line":90,"column":17}},"loc":{"start":{"line":90,"column":35},"end":{"line":97,"column":1}},"line":90},"15":{"name":"(anonymous_15)","decl":{"start":{"line":91,"column":30},"end":{"line":91,"column":31}},"loc":{"start":{"line":91,"column":51},"end":{"line":95,"column":3}},"line":91}},"branchMap":{"0":{"loc":{"start":{"line":9,"column":2},"end":{"line":10,"column":38}},"type":"if","locations":[{"start":{"line":9,"column":2},"end":{"line":10,"column":38}},{"start":{"line":9,"column":2},"end":{"line":10,"column":38}}],"line":9},"1":{"loc":{"start":{"line":17,"column":4},"end":{"line":20,"column":5}},"type":"if","locations":[{"start":{"line":17,"column":4},"end":{"line":20,"column":5}},{"start":{"line":17,"column":4},"end":{"line":20,"column":5}}],"line":17},"2":{"loc":{"start":{"line":18,"column":6},"end":{"line":18,"column":71}},"type":"if","locations":[{"start":{"line":18,"column":6},"end":{"line":18,"column":71}},{"start":{"line":18,"column":6},"end":{"line":18,"column":71}}],"line":18},"3":{"loc":{"start":{"line":44,"column":6},"end":{"line":53,"column":7}},"type":"if","locations":[{"start":{"line":44,"column":6},"end":{"line":53,"column":7}},{"start":{"line":44,"column":6},"end":{"line":53,"column":7}}],"line":44},"4":{"loc":{"start":{"line":48,"column":12},"end":{"line":49,"column":38}},"type":"if","locations":[{"start":{"line":48,"column":12},"end":{"line":49,"column":38}},{"start":{"line":48,"column":12},"end":{"line":49,"column":38}}],"line":48},"5":{"loc":{"start":{"line":55,"column":6},"end":{"line":58,"column":7}},"type":"if","locations":[{"start":{"line":55,"column":6},"end":{"line":58,"column":7}},{"start":{"line":55,"column":6},"end":{"line":58,"column":7}}],"line":55},"6":{"loc":{"start":{"line":74,"column":4},"end":{"line":74,"column":42}},"type":"if","locations":[{"start":{"line":74,"column":4},"end":{"line":74,"column":42}},{"start":{"line":74,"column":4},"end":{"line":74,"column":42}}],"line":74},"7":{"loc":{"start":{"line":76,"column":2},"end":{"line":76,"column":41}},"type":"if","locations":[{"start":{"line":76,"column":2},"end":{"line":76,"column":41}},{"start":{"line":76,"column":2},"end":{"line":76,"column":41}}],"line":76},"8":{"loc":{"start":{"line":77,"column":2},"end":{"line":81,"column":3}},"type":"if","locations":[{"start":{"line":77,"column":2},"end":{"line":81,"column":3}},{"start":{"line":77,"column":2},"end":{"line":81,"column":3}}],"line":77},"9":{"loc":{"start":{"line":82,"column":2},"end":{"line":86,"column":3}},"type":"if","locations":[{"start":{"line":82,"column":2},"end":{"line":86,"column":3}},{"start":{"line":82,"column":2},"end":{"line":86,"column":3}}],"line":82},"10":{"loc":{"start":{"line":92,"column":4},"end":{"line":92,"column":58}},"type":"if","locations":[{"start":{"line":92,"column":4},"end":{"line":92,"column":58}},{"start":{"line":92,"column":4},"end":{"line":92,"column":58}}],"line":92},"11":{"loc":{"start":{"line":93,"column":4},"end":{"line":93,"column":65}},"type":"if","locations":[{"start":{"line":93,"column":4},"end":{"line":93,"column":65}},{"start":{"line":93,"column":4},"end":{"line":93,"column":65}}],"line":93}},"s":{"0":1,"1":1,"2":1,"3":1,"4":1,"5":1,"6":8,"7":8,"8":1,"9":7,"10":8,"11":1,"12":6,"13":6,"14":52,"15":36,"16":6,"17":36,"18":16,"19":46,"20":16,"21":6,"22":6,"23":1,"24":5,"25":5,"26":5,"27":5,"28":10,"29":5,"30":5,"31":1,"32":3,"33":3,"34":3,"35":3,"36":6,"37":3,"38":3,"39":3,"40":0,"41":3,"42":3,"43":6,"44":3,"45":3,"46":3,"47":3,"48":3,"49":3,"50":1,"51":3,"52":3,"53":3,"54":3,"55":3,"56":3,"57":6,"58":6,"59":6,"60":0,"61":3,"62":1,"63":3,"64":1,"65":1,"66":1,"67":3,"68":1,"69":1,"70":1,"71":3,"72":1,"73":2,"74":2,"75":1,"76":2,"77":1,"78":2,"79":2,"80":1},"f":{"0":8,"1":6,"2":52,"3":46,"4":5,"5":5,"6":10,"7":3,"8":3,"9":6,"10":3,"11":3,"12":3,"13":6,"14":2,"15":2},"b":{"0":[1,7],"1":[36,16],"2":[6,30],"3":[3,3],"4":[3,0],"5":[3,3],"6":[0,6],"7":[1,2],"8":[1,2],"9":[1,2],"10":[1,1],"11":[1,1]},"_coverageSchema":"43e27e138ebf9cfc5966b082cf9a028302ed4184","hash":"d8145ba8b9a0cefed46eb165ccca7b1204e70fa0"}
}
