TN:
SF:/home/mishel/Desktop/Laboratoria/LIM011-fe-md-links/index.js
FN:7,(anonymous_0)
FN:14,(anonymous_1)
FN:16,(anonymous_2)
FN:21,(anonymous_3)
FN:28,(anonymous_4)
FN:31,(anonymous_5)
FN:32,(anonymous_6)
FN:38,(anonymous_7)
FN:39,(anonymous_8)
FN:42,(anonymous_9)
FN:45,(anonymous_10)
FN:52,(anonymous_11)
FN:69,(anonymous_12)
FN:74,(anonymous_13)
FN:93,(anonymous_14)
FN:94,(anonymous_15)
FNF:16
FNH:15
FNDA:8,(anonymous_0)
FNDA:6,(anonymous_1)
FNDA:52,(anonymous_2)
FNDA:46,(anonymous_3)
FNDA:5,(anonymous_4)
FNDA:5,(anonymous_5)
FNDA:5,(anonymous_6)
FNDA:3,(anonymous_7)
FNDA:3,(anonymous_8)
FNDA:3,(anonymous_9)
FNDA:3,(anonymous_10)
FNDA:0,(anonymous_11)
FNDA:3,(anonymous_12)
FNDA:3,(anonymous_13)
FNDA:2,(anonymous_14)
FNDA:2,(anonymous_15)
DA:1,1
DA:2,1
DA:3,1
DA:4,1
DA:5,1
DA:7,1
DA:8,8
DA:9,8
DA:10,7
DA:11,8
DA:14,1
DA:15,6
DA:16,6
DA:17,52
DA:18,36
DA:19,36
DA:21,46
DA:22,16
DA:24,6
DA:25,6
DA:28,1
DA:29,5
DA:30,5
DA:31,5
DA:32,5
DA:33,5
DA:35,5
DA:38,1
DA:39,3
DA:40,3
DA:41,3
DA:42,3
DA:43,3
DA:44,3
DA:47,3
DA:48,0
DA:49,3
DA:50,3
DA:53,0
DA:54,0
DA:55,0
DA:58,3
DA:59,0
DA:60,0
DA:63,3
DA:64,0
DA:66,3
DA:69,1
DA:70,3
DA:71,3
DA:73,3
DA:74,3
DA:75,3
DA:76,3
DA:77,3
DA:79,3
DA:80,3
DA:81,1
DA:82,1
DA:83,1
DA:85,3
DA:86,1
DA:87,1
DA:88,1
DA:90,3
DA:93,1
DA:94,2
DA:95,2
DA:96,2
DA:97,2
DA:99,2
DA:103,1
LF:72
LH:65
BRDA:9,0,0,1
BRDA:9,0,1,7
BRDA:17,1,0,36
BRDA:17,1,1,16
BRDA:18,2,0,6
BRDA:18,2,1,30
BRDA:43,3,0,3
BRDA:43,3,1,0
BRDA:47,4,0,3
BRDA:47,4,1,0
BRDA:58,5,0,0
BRDA:58,5,1,3
BRDA:77,6,0,0
BRDA:77,6,1,3
BRDA:79,7,0,1
BRDA:79,7,1,2
BRDA:80,8,0,1
BRDA:80,8,1,2
BRDA:85,9,0,1
BRDA:85,9,1,2
BRDA:95,10,0,1
BRDA:95,10,1,1
BRDA:96,11,0,1
BRDA:96,11,1,1
BRF:24
BRH:20
end_of_record
