TN:
SF:/home/mishel/Desktop/Laboratoria/LIM011-fe-md-links/index.js
FN:7,(anonymous_0)
FN:14,(anonymous_1)
FN:16,(anonymous_2)
FN:21,(anonymous_3)
FN:28,(anonymous_4)
FN:31,(anonymous_5)
FN:32,(anonymous_6)
FN:38,(anonymous_7)
FN:39,(anonymous_8)
FN:42,(anonymous_9)
FN:46,(anonymous_10)
FN:60,(anonymous_11)
FN:66,(anonymous_12)
FN:71,(anonymous_13)
FN:90,(anonymous_14)
FN:91,(anonymous_15)
FNF:16
FNH:16
FNDA:8,(anonymous_0)
FNDA:6,(anonymous_1)
FNDA:52,(anonymous_2)
FNDA:46,(anonymous_3)
FNDA:5,(anonymous_4)
FNDA:5,(anonymous_5)
FNDA:10,(anonymous_6)
FNDA:3,(anonymous_7)
FNDA:3,(anonymous_8)
FNDA:6,(anonymous_9)
FNDA:3,(anonymous_10)
FNDA:3,(anonymous_11)
FNDA:3,(anonymous_12)
FNDA:6,(anonymous_13)
FNDA:2,(anonymous_14)
FNDA:2,(anonymous_15)
DA:1,1
DA:2,1
DA:3,1
DA:4,1
DA:5,1
DA:7,1
DA:8,8
DA:9,8
DA:10,7
DA:11,8
DA:14,1
DA:15,6
DA:16,6
DA:17,52
DA:18,36
DA:19,36
DA:21,46
DA:22,16
DA:24,6
DA:25,6
DA:28,1
DA:29,5
DA:30,5
DA:31,5
DA:32,10
DA:33,5
DA:35,5
DA:38,1
DA:39,3
DA:40,3
DA:41,3
DA:42,3
DA:44,6
DA:45,3
DA:48,3
DA:49,0
DA:50,3
DA:51,3
DA:55,6
DA:56,3
DA:57,3
DA:60,3
DA:61,3
DA:63,3
DA:66,1
DA:67,3
DA:68,3
DA:70,3
DA:71,3
DA:72,6
DA:73,6
DA:74,6
DA:76,3
DA:77,3
DA:78,1
DA:79,1
DA:80,1
DA:82,3
DA:83,1
DA:84,1
DA:85,1
DA:87,3
DA:90,1
DA:91,2
DA:92,2
DA:93,2
DA:94,2
DA:96,2
DA:100,1
LF:69
LH:68
BRDA:9,0,0,1
BRDA:9,0,1,7
BRDA:17,1,0,36
BRDA:17,1,1,16
BRDA:18,2,0,6
BRDA:18,2,1,30
BRDA:44,3,0,3
BRDA:44,3,1,3
BRDA:48,4,0,3
BRDA:48,4,1,0
BRDA:55,5,0,3
BRDA:55,5,1,3
BRDA:74,6,0,0
BRDA:74,6,1,6
BRDA:76,7,0,1
BRDA:76,7,1,2
BRDA:77,8,0,1
BRDA:77,8,1,2
BRDA:82,9,0,1
BRDA:82,9,1,2
BRDA:92,10,0,1
BRDA:92,10,1,1
BRDA:93,11,0,1
BRDA:93,11,1,1
BRF:24
BRH:22
end_of_record
